TN:
SF:src\main.jsx
FNF:0
FNH:0
DA:6,0
LF:1
LH:0
BRF:0
BRH:0
end_of_record
TN:
SF:src\Component\Dashboard.jsx
FN:6,(anonymous_0)
FN:7,(anonymous_1)
FN:14,(anonymous_2)
FN:26,(anonymous_3)
FN:30,(anonymous_4)
FN:44,(anonymous_5)
FN:48,(anonymous_6)
FN:52,(anonymous_7)
FN:61,(anonymous_8)
FN:62,(anonymous_9)
FN:72,(anonymous_10)
FN:76,(anonymous_11)
FN:80,(anonymous_12)
FN:82,(anonymous_13)
FN:145,(anonymous_14)
FN:155,(anonymous_15)
FN:161,(anonymous_16)
FN:176,(anonymous_17)
FN:183,(anonymous_18)
FN:212,(anonymous_19)
FNF:20
FNH:18
FNDA:1,(anonymous_0)
FNDA:9,(anonymous_1)
FNDA:9,(anonymous_2)
FNDA:9,(anonymous_3)
FNDA:9,(anonymous_4)
FNDA:1,(anonymous_5)
FNDA:2,(anonymous_6)
FNDA:2,(anonymous_7)
FNDA:1,(anonymous_8)
FNDA:1,(anonymous_9)
FNDA:1,(anonymous_10)
FNDA:1,(anonymous_11)
FNDA:29,(anonymous_12)
FNDA:10,(anonymous_13)
FNDA:9,(anonymous_14)
FNDA:0,(anonymous_15)
FNDA:9,(anonymous_16)
FNDA:1,(anonymous_17)
FNDA:2,(anonymous_18)
FNDA:0,(anonymous_19)
DA:6,1
DA:7,1
DA:8,9
DA:9,9
DA:15,9
DA:16,9
DA:27,9
DA:30,9
DA:31,9
DA:32,9
DA:33,9
DA:34,7
DA:35,0
DA:37,7
DA:38,7
DA:40,1
DA:44,9
DA:45,1
DA:48,9
DA:49,2
DA:52,9
DA:53,2
DA:54,2
DA:55,2
DA:58,1
DA:59,0
DA:61,1
DA:62,1
DA:65,1
DA:66,1
DA:68,1
DA:72,9
DA:73,1
DA:76,9
DA:77,1
DA:81,29
DA:82,29
DA:83,10
DA:86,29
DA:146,9
DA:155,0
DA:162,9
DA:176,1
DA:183,2
DA:212,0
LF:45
LH:41
BRDA:34,0,0,0
BRDA:34,0,1,7
BRDA:58,1,0,0
BRDA:58,1,1,1
BRDA:132,2,0,9
BRDA:132,2,1,20
BRDA:138,3,0,1
BRDA:138,3,1,19
BRDA:144,4,0,8
BRDA:144,4,1,11
BRDA:148,5,0,8
BRDA:148,5,1,1
BRDA:205,6,0,29
BRDA:205,6,1,2
BRF:14
BRH:12
end_of_record
TN:
SF:src\Component\Header.jsx
FN:6,(anonymous_0)
FN:12,(anonymous_1)
FN:16,(anonymous_2)
FNF:3
FNH:3
FNDA:67,(anonymous_0)
FNDA:2,(anonymous_1)
FNDA:1,(anonymous_2)
DA:6,2
DA:7,67
DA:8,67
DA:9,67
DA:12,67
DA:13,2
DA:16,67
DA:17,1
DA:18,1
DA:19,1
DA:22,67
LF:11
LH:11
BRDA:34,0,0,67
BRDA:34,0,1,4
BRDA:50,1,0,4
BRDA:50,1,1,2
BRF:4
BRH:4
end_of_record
TN:
SF:src\Component\Login.jsx
FN:8,(anonymous_0)
FN:11,(anonymous_1)
FN:31,(anonymous_2)
FNF:3
FNH:2
FNDA:2,(anonymous_0)
FNDA:1,(anonymous_1)
FNDA:0,(anonymous_2)
DA:6,1
DA:8,1
DA:9,2
DA:11,2
DA:12,1
DA:13,1
DA:14,1
DA:16,1
DA:17,1
DA:19,1
DA:22,2
DA:31,0
LF:12
LH:11
BRDA:14,0,0,1
BRDA:14,0,1,0
BRDA:14,0,2,0
BRF:3
BRH:1
end_of_record
TN:
SF:src\Component\Registration.jsx
FN:10,(anonymous_0)
FN:29,(anonymous_1)
FN:50,(anonymous_2)
FN:70,(anonymous_3)
FN:87,(anonymous_4)
FN:90,(anonymous_5)
FN:94,(anonymous_6)
FN:97,(anonymous_7)
FN:152,(anonymous_8)
FN:181,(anonymous_9)
FN:209,(anonymous_10)
FN:244,(anonymous_11)
FN:264,(anonymous_12)
FN:283,(anonymous_13)
FN:299,(anonymous_14)
FN:323,(anonymous_15)
FN:333,(anonymous_16)
FN:333,(anonymous_17)
FN:360,(anonymous_18)
FN:360,(anonymous_19)
FNF:20
FNH:20
FNDA:57,(anonymous_0)
FNDA:9,(anonymous_1)
FNDA:2,(anonymous_2)
FNDA:2,(anonymous_3)
FNDA:41,(anonymous_4)
FNDA:7,(anonymous_5)
FNDA:2,(anonymous_6)
FNDA:34,(anonymous_7)
FNDA:228,(anonymous_8)
FNDA:114,(anonymous_9)
FNDA:285,(anonymous_10)
FNDA:171,(anonymous_11)
FNDA:1767,(anonymous_12)
FNDA:684,(anonymous_13)
FNDA:285,(anonymous_14)
FNDA:1,(anonymous_15)
FNDA:4,(anonymous_16)
FNDA:4,(anonymous_17)
FNDA:1,(anonymous_18)
FNDA:1,(anonymous_19)
DA:10,1
DA:11,57
DA:12,57
DA:14,57
DA:29,57
DA:30,9
DA:31,0
DA:32,0
DA:33,0
DA:50,57
DA:51,2
DA:52,2
DA:53,2
DA:54,2
DA:56,2
DA:57,2
DA:58,0
DA:60,2
DA:62,1
DA:63,1
DA:65,1
DA:66,1
DA:70,57
DA:71,2
DA:87,57
DA:88,41
DA:89,41
DA:90,7
DA:94,2
DA:97,34
DA:101,57
DA:103,57
DA:153,228
DA:182,114
DA:210,285
DA:245,171
DA:265,1767
DA:284,684
DA:300,285
DA:323,1
DA:333,4
DA:360,1
LF:42
LH:38
BRDA:30,0,0,0
BRDA:30,0,1,9
BRDA:30,1,0,9
BRDA:30,1,1,0
BRDA:30,1,2,0
BRDA:43,2,0,0
BRDA:43,2,1,0
BRDA:57,3,0,0
BRDA:57,3,1,2
BRDA:89,4,0,7
BRDA:89,4,1,34
BRDA:92,5,0,6
BRDA:92,5,1,1
BRDA:115,6,0,0
BRDA:115,6,1,57
BRDA:335,7,0,0
BRDA:335,7,1,57
BRDA:350,8,0,57
BRDA:350,8,1,4
BRDA:355,9,0,0
BRDA:355,9,1,4
BRDA:369,10,0,0
BRDA:369,10,1,4
BRF:23
BRH:13
end_of_record
